Checking src/algo/search.c ...
src/algo/search.c:1:0: information: Include file: "algo/search.h" not found. [missingInclude]
#include "algo/search.h"
^
src/algo/search.c:2:0: information: Include file: <stddef.h> not found. Please note: Cppcheck does not need standard library headers to get proper results. [missingIncludeSystem]
#include <stddef.h>
^
1/42 files checked 0% done
Checking src/algo/sort.c ...
src/algo/sort.c:1:0: information: Include file: "algo/sort.h" not found. [missingInclude]
#include "algo/sort.h"
^
src/algo/sort.c:2:0: information: Include file: <stddef.h> not found. Please note: Cppcheck does not need standard library headers to get proper results. [missingIncludeSystem]
#include <stddef.h>
^
2/42 files checked 1% done
Checking src/ds/circular_list.c ...
src/ds/circular_list.c:2:0: information: Include file: "ds/circular_list.h" not found. [missingInclude]
#include "ds/circular_list.h"
^
src/ds/circular_list.c:3:0: information: Include file: <stdlib.h> not found. Please note: Cppcheck does not need standard library headers to get proper results. [missingIncludeSystem]
#include <stdlib.h>
^
src/ds/circular_list.c:29:34: style: Variable 'stop' can be declared as pointer to const [constVariablePointer]
        struct ds_circular_node* stop = list->tail;
                                 ^
3/42 files checked 3% done
Checking src/ds/doubly_list.c ...
src/ds/doubly_list.c:2:0: information: Include file: "ds/doubly_list.h" not found. [missingInclude]
#include "ds/doubly_list.h"    // APIヘッダ（ds_stats_t型もこれ経由でインクルードされる！）
^
src/ds/doubly_list.c:3:0: information: Include file: <stdlib.h> not found. Please note: Cppcheck does not need standard library headers to get proper results. [missingIncludeSystem]
#include <stdlib.h>
^
src/ds/doubly_list.c:4:0: information: Include file: <assert.h> not found. Please note: Cppcheck does not need standard library headers to get proper results. [missingIncludeSystem]
#include <assert.h>
^
src/ds/doubly_list.c:5:0: information: Include file: <string.h> not found. Please note: Cppcheck does not need standard library headers to get proper results. [missingIncludeSystem]
#include <string.h>
^
src/ds/doubly_list.c:6:0: information: Include file: <time.h> not found. Please note: Cppcheck does not need standard library headers to get proper results. [missingIncludeSystem]
#include <time.h>              // time(NULL) を使う場合はここでだけ include
^
src/ds/doubly_list.c:0:0: information: Limiting analysis of branches. Use --check-level=exhaustive to analyze all branches. [normalCheckLevelMaxBranches]

^
4/42 files checked 9% done
Checking src/ds/history_system.c ...
src/ds/history_system.c:3:0: information: Include file: "ds/history_system.h" not found. [missingInclude]
#include "ds/history_system.h"
^
src/ds/history_system.c:4:0: information: Include file: <stdlib.h> not found. Please note: Cppcheck does not need standard library headers to get proper results. [missingIncludeSystem]
#include <stdlib.h>
^
src/ds/history_system.c:5:0: information: Include file: <string.h> not found. Please note: Cppcheck does not need standard library headers to get proper results. [missingIncludeSystem]
#include <string.h>
^
src/ds/history_system.c:0:0: information: Limiting analysis of branches. Use --check-level=exhaustive to analyze all branches. [normalCheckLevelMaxBranches]

^
5/42 files checked 12% done
Checking src/ds/lru_cache.c ...
src/ds/lru_cache.c:1:0: information: Include file: <stdlib.h> not found. Please note: Cppcheck does not need standard library headers to get proper results. [missingIncludeSystem]
#include <stdlib.h>
^
src/ds/lru_cache.c:2:0: information: Include file: "ds/lru_cache.h" not found. [missingInclude]
#include "ds/lru_cache.h"
^
src/ds/lru_cache.c:3:0: information: Include file: "ds/hashmap.h" not found. [missingInclude]
#include "ds/hashmap.h"
^
src/ds/lru_cache.c:4:0: information: Include file: <string.h> not found. Please note: Cppcheck does not need standard library headers to get proper results. [missingIncludeSystem]
#include <string.h>
^
src/ds/lru_cache.c:0:0: information: Limiting analysis of branches. Use --check-level=exhaustive to analyze all branches. [normalCheckLevelMaxBranches]

^
src/ds/lru_cache.c:67:5: warning: If memory allocation fails, then there is a possible null pointer dereference: node [nullPointerOutOfMemory]
    node->key = strdup(key);
    ^
src/ds/lru_cache.c:66:18: note: Assuming allocation function fails
    node = calloc(1, sizeof(ds_lru_node_t));
                 ^
src/ds/lru_cache.c:66:18: note: Assignment 'node=calloc(1,sizeof(struct ds_lru_node_t))', assigned value is 0
    node = calloc(1, sizeof(ds_lru_node_t));
                 ^
src/ds/lru_cache.c:67:5: note: Null pointer dereference
    node->key = strdup(key);
    ^
src/ds/lru_cache.c:68:5: warning: If memory allocation fails, then there is a possible null pointer dereference: node [nullPointerOutOfMemory]
    node->value = value;
    ^
src/ds/lru_cache.c:66:18: note: Assuming allocation function fails
    node = calloc(1, sizeof(ds_lru_node_t));
                 ^
src/ds/lru_cache.c:66:18: note: Assignment 'node=calloc(1,sizeof(struct ds_lru_node_t))', assigned value is 0
    node = calloc(1, sizeof(ds_lru_node_t));
                 ^
src/ds/lru_cache.c:68:5: note: Null pointer dereference
    node->value = value;
    ^
src/ds/lru_cache.c:69:5: warning: If memory allocation fails, then there is a possible null pointer dereference: node [nullPointerOutOfMemory]
    node->next = cache->head;
    ^
src/ds/lru_cache.c:66:18: note: Assuming allocation function fails
    node = calloc(1, sizeof(ds_lru_node_t));
                 ^
src/ds/lru_cache.c:66:18: note: Assignment 'node=calloc(1,sizeof(struct ds_lru_node_t))', assigned value is 0
    node = calloc(1, sizeof(ds_lru_node_t));
                 ^
src/ds/lru_cache.c:69:5: note: Null pointer dereference
    node->next = cache->head;
    ^
6/42 files checked 15% done
Checking src/ds/next_next_practice.c ...
src/ds/next_next_practice.c:6:0: information: Include file: "ds/next_next_practice.h" not found. [missingInclude]
#include "ds/next_next_practice.h"
^
src/ds/next_next_practice.c:7:0: information: Include file: "util/logger.h" not found. [missingInclude]
#include "util/logger.h"
^
src/ds/next_next_practice.c:9:0: information: Include file: <stdlib.h> not found. Please note: Cppcheck does not need standard library headers to get proper results. [missingIncludeSystem]
#include <stdlib.h>   /* malloc / free */
^
src/ds/next_next_practice.c:10:0: information: Include file: <string.h> not found. Please note: Cppcheck does not need standard library headers to get proper results. [missingIncludeSystem]
#include <string.h>   /* memset */
^
7/42 files checked 21% done
Checking src/ds/process.c ...
src/ds/process.c:1:0: information: Include file: "ds/process.h" not found. [missingInclude]
#include "ds/process.h"
^
src/ds/process.c:2:0: information: Include file: <stdlib.h> not found. Please note: Cppcheck does not need standard library headers to get proper results. [missingIncludeSystem]
#include <stdlib.h>
^
src/ds/process.c:3:0: information: Include file: <string.h> not found. Please note: Cppcheck does not need standard library headers to get proper results. [missingIncludeSystem]
#include <string.h>
^
8/42 files checked 22% done
Checking src/ds/round_robin.c ...
src/ds/round_robin.c:1:0: information: Include file: "ds/round_robin.h" not found. [missingInclude]
#include "ds/round_robin.h"
^
src/ds/round_robin.c:2:0: information: Include file: "ds/process.h" not found. [missingInclude]
#include "ds/process.h"
^
src/ds/round_robin.c:3:0: information: Include file: "ds/queue.h" not found. [missingInclude]
#include "ds/queue.h"
^
src/ds/round_robin.c:4:0: information: Include file: <stdlib.h> not found. Please note: Cppcheck does not need standard library headers to get proper results. [missingIncludeSystem]
#include <stdlib.h>
^
9/42 files checked 25% done
Checking src/ds/rpn_calculator.c ...
src/ds/rpn_calculator.c:1:0: information: Include file: "ds/rpn_calculator.h" not found. [missingInclude]
#include "ds/rpn_calculator.h"   // API宣言のみ
^
src/ds/rpn_calculator.c:2:0: information: Include file: "ds/stack.h" not found. [missingInclude]
#include "ds/stack.h"            // 依存モジュール
^
src/ds/rpn_calculator.c:3:0: information: Include file: "util/logger.h" not found. [missingInclude]
#include "util/logger.h"         // ログAPI
^
src/ds/rpn_calculator.c:4:0: information: Include file: "util/memory.h" not found. [missingInclude]
#include "util/memory.h"         // 差し替え用メモリアロケータ（※ds_malloc, ds_freeを使う！）
^
src/ds/rpn_calculator.c:6:0: information: Include file: <stdlib.h> not found. Please note: Cppcheck does not need standard library headers to get proper results. [missingIncludeSystem]
#include <stdlib.h>
^
src/ds/rpn_calculator.c:7:0: information: Include file: <string.h> not found. Please note: Cppcheck does not need standard library headers to get proper results. [missingIncludeSystem]
#include <string.h>
^
src/ds/rpn_calculator.c:8:0: information: Include file: <math.h> not found. Please note: Cppcheck does not need standard library headers to get proper results. [missingIncludeSystem]
#include <math.h>
^
src/ds/rpn_calculator.c:0:0: information: Limiting analysis of branches. Use --check-level=exhaustive to analyze all branches. [normalCheckLevelMaxBranches]

^
10/42 files checked 29% done
Checking src/ds/url_shortener.c ...
src/ds/url_shortener.c:1:0: information: Include file: <stdio.h> not found. Please note: Cppcheck does not need standard library headers to get proper results. [missingIncludeSystem]
#include <stdio.h>
^
src/ds/url_shortener.c:2:0: information: Include file: "ds/url_shortener.h" not found. [missingInclude]
#include "ds/url_shortener.h"      // API宣言
^
src/ds/url_shortener.c:3:0: information: Include file: "ds/lru_cache.h" not found. [missingInclude]
#include "ds/lru_cache.h"
^
src/ds/url_shortener.c:4:0: information: Include file: <stdlib.h> not found. Please note: Cppcheck does not need standard library headers to get proper results. [missingIncludeSystem]
#include <stdlib.h>
^
src/ds/url_shortener.c:5:0: information: Include file: <string.h> not found. Please note: Cppcheck does not need standard library headers to get proper results. [missingIncludeSystem]
#include <string.h>
^
src/ds/url_shortener.c:6:0: information: Include file: <stdio.h> not found. Please note: Cppcheck does not need standard library headers to get proper results. [missingIncludeSystem]
#include <stdio.h>
^
11/42 files checked 31% done
Checking src/hashmap.c ...
src/hashmap.c:1:0: information: Include file: "ds/hashmap.h" not found. [missingInclude]
#include "ds/hashmap.h"
^
src/hashmap.c:2:0: information: Include file: <stdlib.h> not found. Please note: Cppcheck does not need standard library headers to get proper results. [missingIncludeSystem]
#include <stdlib.h>
^
src/hashmap.c:3:0: information: Include file: <string.h> not found. Please note: Cppcheck does not need standard library headers to get proper results. [missingIncludeSystem]
#include <string.h>
^
src/hashmap.c:92:30: style: Parameter 'map' can be declared as pointer to const [constParameterPointer]
ds_hashmap_get(ds_hashmap_t* map, const char* key, void** out_val)
                             ^
12/42 files checked 34% done
Checking src/logger.c ...
src/logger.c:1:0: information: Include file: <stdio.h> not found. Please note: Cppcheck does not need standard library headers to get proper results. [missingIncludeSystem]
#include <stdio.h>
^
src/logger.c:2:0: information: Include file: "util/logger.h" not found. [missingInclude]
#include "util/logger.h"
^
src/logger.c:3:0: information: Include file: <stdio.h> not found. Please note: Cppcheck does not need standard library headers to get proper results. [missingIncludeSystem]
#include <stdio.h>
^
13/42 files checked 35% done
Checking src/main.c ...
src/main.c:1:0: information: Include file: <stdio.h> not found. Please note: Cppcheck does not need standard library headers to get proper results. [missingIncludeSystem]
#include <stdio.h>
^
src/main.c:2:0: information: Include file: <stdbool.h> not found. Please note: Cppcheck does not need standard library headers to get proper results. [missingIncludeSystem]
#include <stdbool.h>
^
src/main.c:3:0: information: Include file: <stdio.h> not found. Please note: Cppcheck does not need standard library headers to get proper results. [missingIncludeSystem]
#include <stdio.h>
^
src/main.c:4:0: information: Include file: "ds/statistics.h" not found. [missingInclude]
#include "ds/statistics.h"
^
src/main.c:5:0: information: Include file: "data_structures.h" not found. [missingInclude]
#include "data_structures.h"
^
src/main.c:6:0: information: Include file: "util/logger.h" not found. [missingInclude]
#include "util/logger.h"
^
src/main.c:7:0: information: Include file: <assert.h> not found. Please note: Cppcheck does not need standard library headers to get proper results. [missingIncludeSystem]
#include <assert.h>
^
14/42 files checked 36% done
Checking src/memory.c ...
src/memory.c:1:0: information: Include file: "util/memory.h" not found. [missingInclude]
#include "util/memory.h"
^
src/memory.c:2:0: information: Include file: "data_structures.h" not found. [missingInclude]
#include "data_structures.h"
^
src/memory.c:3:0: information: Include file: <stdlib.h> not found. Please note: Cppcheck does not need standard library headers to get proper results. [missingIncludeSystem]
#include <stdlib.h>
^
15/42 files checked 37% done
Checking src/metrics.c ...
src/metrics.c:1:0: information: Include file: <stdio.h> not found. Please note: Cppcheck does not need standard library headers to get proper results. [missingIncludeSystem]
#include <stdio.h>
^
src/metrics.c:2:0: information: Include file: "util/metrics.h" not found. [missingInclude]
#include "util/metrics.h"
^
src/metrics.c:3:0: information: Include file: <stdio.h> not found. Please note: Cppcheck does not need standard library headers to get proper results. [missingIncludeSystem]
#include <stdio.h>
^
src/metrics.c:4:0: information: Include file: <string.h> not found. Please note: Cppcheck does not need standard library headers to get proper results. [missingIncludeSystem]
#include <string.h>
^
src/metrics.c:5:0: information: Include file: <time.h> not found. Please note: Cppcheck does not need standard library headers to get proper results. [missingIncludeSystem]
#include <time.h>
^
src/metrics.c:6:0: information: Include file: <stdint.h> not found. Please note: Cppcheck does not need standard library headers to get proper results. [missingIncludeSystem]
#include <stdint.h>
^
src/metrics.c:7:0: information: Include file: <stdlib.h> not found. Please note: Cppcheck does not need standard library headers to get proper results. [missingIncludeSystem]
#include <stdlib.h>
^
src/metrics.c:100:17: warning: If memory allocation fails, then there is a possible null pointer dereference: c [nullPointerOutOfMemory]
        strncpy(c->name, name, sizeof(c->name)-1);
                ^
src/metrics.c:99:37: note: Assuming allocation function fails
        c = (named_counter_t*)calloc(1, sizeof(named_counter_t));
                                    ^
src/metrics.c:99:13: note: Assignment 'c=(struct named_counter_t*)calloc(1,sizeof(struct named_counter_t))', assigned value is 0
        c = (named_counter_t*)calloc(1, sizeof(named_counter_t));
            ^
src/metrics.c:100:17: note: Null pointer dereference
        strncpy(c->name, name, sizeof(c->name)-1);
                ^
src/metrics.c:101:9: warning: If memory allocation fails, then there is a possible null pointer dereference: c [nullPointerOutOfMemory]
        c->next = g_named_counters;
        ^
src/metrics.c:99:37: note: Assuming allocation function fails
        c = (named_counter_t*)calloc(1, sizeof(named_counter_t));
                                    ^
src/metrics.c:99:13: note: Assignment 'c=(struct named_counter_t*)calloc(1,sizeof(struct named_counter_t))', assigned value is 0
        c = (named_counter_t*)calloc(1, sizeof(named_counter_t));
            ^
src/metrics.c:101:9: note: Null pointer dereference
        c->next = g_named_counters;
        ^
src/metrics.c:104:5: warning: If memory allocation fails, then there is a possible null pointer dereference: c [nullPointerOutOfMemory]
    c->value += 1;
    ^
src/metrics.c:99:37: note: Assuming allocation function fails
        c = (named_counter_t*)calloc(1, sizeof(named_counter_t));
                                    ^
src/metrics.c:99:13: note: Assignment 'c=(struct named_counter_t*)calloc(1,sizeof(struct named_counter_t))', assigned value is 0
        c = (named_counter_t*)calloc(1, sizeof(named_counter_t));
            ^
src/metrics.c:104:5: note: Null pointer dereference
    c->value += 1;
    ^
16/42 files checked 40% done
Checking src/queue.c ...
src/queue.c:3:0: information: Include file: "ds/queue.h" not found. [missingInclude]
#include "ds/queue.h"
^
src/queue.c:4:0: information: Include file: <stdlib.h> not found. Please note: Cppcheck does not need standard library headers to get proper results. [missingIncludeSystem]
#include <stdlib.h>
^
src/queue.c:5:0: information: Include file: <stddef.h> not found. Please note: Cppcheck does not need standard library headers to get proper results. [missingIncludeSystem]
#include <stddef.h>
^
src/queue.c:6:0: information: Include file: <stdbool.h> not found. Please note: Cppcheck does not need standard library headers to get proper results. [missingIncludeSystem]
#include <stdbool.h>
^
src/queue.c:7:0: information: Include file: <stdio.h> not found. Please note: Cppcheck does not need standard library headers to get proper results. [missingIncludeSystem]
#include <stdio.h>
^
17/42 files checked 42% done
Checking src/stack.c ...
src/stack.c:3:0: information: Include file: "ds/stack.h" not found. [missingInclude]
#include "ds/stack.h"           // 必ずAPIヘッダだけ（forward宣言/型/関数は全てdata_structures.hで管理）
^
src/stack.c:4:0: information: Include file: <stddef.h> not found. Please note: Cppcheck does not need standard library headers to get proper results. [missingIncludeSystem]
#include <stddef.h>
^
src/stack.c:5:0: information: Include file: <stdbool.h> not found. Please note: Cppcheck does not need standard library headers to get proper results. [missingIncludeSystem]
#include <stdbool.h>
^
src/stack.c:6:0: information: Include file: <stdlib.h> not found. Please note: Cppcheck does not need standard library headers to get proper results. [missingIncludeSystem]
#include <stdlib.h>
^
18/42 files checked 45% done
Checking src/statistics.c ...
src/statistics.c:1:0: information: Include file: <stdbool.h> not found. Please note: Cppcheck does not need standard library headers to get proper results. [missingIncludeSystem]
#include <stdbool.h>
^
src/statistics.c:4:0: information: Include file: "ds/statistics.h" not found. [missingInclude]
#include "ds/statistics.h"
^
src/statistics.c:5:0: information: Include file: <stdlib.h> not found. Please note: Cppcheck does not need standard library headers to get proper results. [missingIncludeSystem]
#include <stdlib.h>
^
src/statistics.c:6:0: information: Include file: <string.h> not found. Please note: Cppcheck does not need standard library headers to get proper results. [missingIncludeSystem]
#include <string.h>
^
src/statistics.c:7:0: information: Include file: <assert.h> not found. Please note: Cppcheck does not need standard library headers to get proper results. [missingIncludeSystem]
#include <assert.h>
^
src/statistics.c:8:0: information: Include file: <errno.h> not found. Please note: Cppcheck does not need standard library headers to get proper results. [missingIncludeSystem]
#include <errno.h>
^
19/42 files checked 47% done
Checking src/util/config.c ...
src/util/config.c:1:0: information: Include file: "util/config.h" not found. [missingInclude]
#include "util/config.h"
^
src/util/config.c:2:0: information: Include file: <stdlib.h> not found. Please note: Cppcheck does not need standard library headers to get proper results. [missingIncludeSystem]
#include <stdlib.h>
^
src/util/config.c:5:9: style: struct member 'ds_config::dummy' is never used. [unusedStructMember]
    int dummy;  /* 将来の拡張用プレースホルダー */
        ^
20/42 files checked 48% done
Checking tests/algo/test_search.c ...
tests/algo/test_search.c:7:0: information: Include file: "algo/search.h" not found. [missingInclude]
#include "algo/search.h"
^
tests/algo/test_search.c:8:0: information: Include file: "util/test_util.h" not found. [missingInclude]
#include "util/test_util.h"
^
tests/algo/test_search.c:9:0: information: Include file: "util/logger.h" not found. [missingInclude]
#include "util/logger.h"
^
tests/algo/test_search.c:10:0: information: Include file: <stddef.h> not found. Please note: Cppcheck does not need standard library headers to get proper results. [missingIncludeSystem]
#include <stddef.h>
^
21/42 files checked 50% done
Checking tests/algo/test_sort.c ...
tests/algo/test_sort.c:7:0: information: Include file: "algo/sort.h" not found. [missingInclude]
#include "algo/sort.h"
^
tests/algo/test_sort.c:8:0: information: Include file: "util/test_util.h" not found. [missingInclude]
#include "util/test_util.h"
^
tests/algo/test_sort.c:9:0: information: Include file: "util/logger.h" not found. [missingInclude]
#include "util/logger.h"
^
tests/algo/test_sort.c:10:0: information: Include file: <string.h> not found. Please note: Cppcheck does not need standard library headers to get proper results. [missingIncludeSystem]
#include <string.h> // memcpy用
^
tests/algo/test_sort.c:29:9: style: Variable 'expect' can be declared as const array [constVariable]
    int expect[] = {1, 2, 3, 5, 8};
        ^
tests/algo/test_sort.c:31:9: style: Variable 'expect2' can be declared as const array [constVariable]
    int expect2[] = {1, 3, 5, 7, 9};
        ^
22/42 files checked 52% done
Checking tests/ds/test_circular_list.c ...
tests/ds/test_circular_list.c:7:0: information: Include file: "ds/circular_list.h" not found. [missingInclude]
#include "ds/circular_list.h"
^
tests/ds/test_circular_list.c:8:0: information: Include file: "util/test_util.h" not found. [missingInclude]
#include "util/test_util.h"
^
tests/ds/test_circular_list.c:9:0: information: Include file: "util/logger.h" not found. [missingInclude]
#include "util/logger.h"
^
23/42 files checked 55% done
Checking tests/ds/test_doubly_list.c ...
tests/ds/test_doubly_list.c:7:0: information: Include file: "ds/doubly_list.h" not found. [missingInclude]
#include "ds/doubly_list.h"
^
tests/ds/test_doubly_list.c:8:0: information: Include file: "util/test_util.h" not found. [missingInclude]
#include "util/test_util.h"
^
tests/ds/test_doubly_list.c:9:0: information: Include file: "util/logger.h" not found. [missingInclude]
#include "util/logger.h"
^
tests/ds/test_doubly_list.c:10:0: information: Include file: <stdlib.h> not found. Please note: Cppcheck does not need standard library headers to get proper results. [missingIncludeSystem]
#include <stdlib.h>
^
24/42 files checked 61% done
Checking tests/ds/test_hashmap.c ...
tests/ds/test_hashmap.c:7:0: information: Include file: "ds/hashmap.h" not found. [missingInclude]
#include "ds/hashmap.h"
^
tests/ds/test_hashmap.c:8:0: information: Include file: "util/logger.h" not found. [missingInclude]
#include "util/logger.h"
^
tests/ds/test_hashmap.c:9:0: information: Include file: "util/test_util.h" not found. [missingInclude]
#include "util/test_util.h"
^
tests/ds/test_hashmap.c:10:0: information: Include file: <stdlib.h> not found. Please note: Cppcheck does not need standard library headers to get proper results. [missingIncludeSystem]
#include <stdlib.h>
^
25/42 files checked 64% done
Checking tests/ds/test_history_system.c ...
tests/ds/test_history_system.c:6:0: information: Include file: "ds/history_system.h" not found. [missingInclude]
#include "ds/history_system.h"
^
tests/ds/test_history_system.c:7:0: information: Include file: "ds/test_history_system.h" not found. [missingInclude]
#include "ds/test_history_system.h"     /* TEST_CMD_PTR / test_command_init */
^
tests/ds/test_history_system.c:8:0: information: Include file: "util/logger.h" not found. [missingInclude]
#include "util/logger.h"
^
26/42 files checked 66% done
Checking tests/ds/test_lru_cache.c ...
tests/ds/test_lru_cache.c:7:0: information: Include file: "ds/lru_cache.h" not found. [missingInclude]
#include "ds/lru_cache.h"
^
tests/ds/test_lru_cache.c:8:0: information: Include file: "util/test_util.h" not found. [missingInclude]
#include "util/test_util.h"
^
tests/ds/test_lru_cache.c:9:0: information: Include file: "util/logger.h" not found. [missingInclude]
#include "util/logger.h"
^
27/42 files checked 69% done
Checking tests/ds/test_next_next_practice.c ...
tests/ds/test_next_next_practice.c:8:0: information: Include file: "ds/next_next_practice.h" not found. [missingInclude]
#include "ds/next_next_practice.h"       /* 本番 API 宣言 */
^
tests/ds/test_next_next_practice.c:9:0: information: Include file: "ds/test_next_next_practice.h" not found. [missingInclude]
#include "ds/test_next_next_practice.h"  /* テスト宣言ヘッダ */
^
tests/ds/test_next_next_practice.c:10:0: information: Include file: "util/logger.h" not found. [missingInclude]
#include "util/logger.h"                 /* ds_log() */
^
tests/ds/test_next_next_practice.c:11:0: information: Include file: "util/test_util.h" not found. [missingInclude]
#include "util/test_util.h"              /* 共通マクロがあれば */
^
28/42 files checked 72% done
Checking tests/ds/test_process.c ...
tests/ds/test_process.c:7:0: information: Include file: <stdio.h> not found. Please note: Cppcheck does not need standard library headers to get proper results. [missingIncludeSystem]
#include <stdio.h>
^
tests/ds/test_process.c:8:0: information: Include file: <assert.h> not found. Please note: Cppcheck does not need standard library headers to get proper results. [missingIncludeSystem]
#include <assert.h>
^
tests/ds/test_process.c:10:0: information: Include file: "data_structures.h" not found. [missingInclude]
#include "data_structures.h"   /* ds_error_t など共通型          */
^
tests/ds/test_process.c:11:0: information: Include file: "ds/process.h" not found. [missingInclude]
#include "ds/process.h"        /* ds_process_* API               */
^
29/42 files checked 74% done
Checking tests/ds/test_queue.c ...
tests/ds/test_queue.c:7:0: information: Include file: "ds/queue.h" not found. [missingInclude]
#include "ds/queue.h"
^
tests/ds/test_queue.c:8:0: information: Include file: "util/test_util.h" not found. [missingInclude]
#include "util/test_util.h"
^
tests/ds/test_queue.c:9:0: information: Include file: "util/logger.h" not found. [missingInclude]
#include "util/logger.h"
^
30/42 files checked 77% done
Checking tests/ds/test_round_robin.c ...
tests/ds/test_round_robin.c:1:0: information: Include file: <stdio.h> not found. Please note: Cppcheck does not need standard library headers to get proper results. [missingIncludeSystem]
#include <stdio.h>
^
tests/ds/test_round_robin.c:2:0: information: Include file: <assert.h> not found. Please note: Cppcheck does not need standard library headers to get proper results. [missingIncludeSystem]
#include <assert.h>
^
tests/ds/test_round_robin.c:3:0: information: Include file: "ds/process.h" not found. [missingInclude]
#include "ds/process.h"
^
tests/ds/test_round_robin.c:4:0: information: Include file: "ds/round_robin.h" not found. [missingInclude]
#include "ds/round_robin.h"
^
31/42 files checked 78% done
Checking tests/ds/test_rpn_calculator.c ...
tests/ds/test_rpn_calculator.c:7:0: information: Include file: "ds/rpn_calculator.h" not found. [missingInclude]
#include "ds/rpn_calculator.h"
^
tests/ds/test_rpn_calculator.c:8:0: information: Include file: "util/test_util.h" not found. [missingInclude]
#include "util/test_util.h"
^
tests/ds/test_rpn_calculator.c:9:0: information: Include file: "util/logger.h" not found. [missingInclude]
#include "util/logger.h"
^
tests/ds/test_rpn_calculator.c:10:0: information: Include file: <math.h> not found. Please note: Cppcheck does not need standard library headers to get proper results. [missingIncludeSystem]
#include <math.h>    // fabs
^
tests/ds/test_rpn_calculator.c:11:0: information: Include file: <float.h> not found. Please note: Cppcheck does not need standard library headers to get proper results. [missingIncludeSystem]
#include <float.h>   // DBL_EPSILON
^
32/42 files checked 82% done
Checking tests/ds/test_stack.c ...
tests/ds/test_stack.c:6:0: information: Include file: "ds/stack.h" not found. [missingInclude]
#include "ds/stack.h"
^
tests/ds/test_stack.c:7:0: information: Include file: "util/test_util.h" not found. [missingInclude]
#include "util/test_util.h"
^
tests/ds/test_stack.c:8:0: information: Include file: "util/logger.h" not found. [missingInclude]
#include "util/logger.h"
^
tests/ds/test_stack.c:9:0: information: Include file: <string.h> not found. Please note: Cppcheck does not need standard library headers to get proper results. [missingIncludeSystem]
#include <string.h>   /* memset */
^
33/42 files checked 84% done
Checking tests/ds/test_statistics.c ...
tests/ds/test_statistics.c:5:0: information: Include file: "statistics.h" not found. [missingInclude]
#include "statistics.h"
^
tests/ds/test_statistics.c:6:0: information: Include file: "util/test_util.h" not found. [missingInclude]
#include "util/test_util.h"
^
tests/ds/test_statistics.c:7:0: information: Include file: <assert.h> not found. Please note: Cppcheck does not need standard library headers to get proper results. [missingIncludeSystem]
#include <assert.h>
^
34/42 files checked 86% done
Checking tests/ds/test_url_shortener.c ...
tests/ds/test_url_shortener.c:7:0: information: Include file: "ds/url_shortener.h" not found. [missingInclude]
#include "ds/url_shortener.h"
^
tests/ds/test_url_shortener.c:8:0: information: Include file: "util/test_util.h" not found. [missingInclude]
#include "util/test_util.h"
^
tests/ds/test_url_shortener.c:9:0: information: Include file: "util/logger.h" not found. [missingInclude]
#include "util/logger.h"
^
tests/ds/test_url_shortener.c:10:0: information: Include file: <string.h> not found. Please note: Cppcheck does not need standard library headers to get proper results. [missingIncludeSystem]
#include <string.h>
^
35/42 files checked 88% done
Checking tests/test_main.c ...
tests/test_main.c:1:0: information: Include file: <stdio.h> not found. Please note: Cppcheck does not need standard library headers to get proper results. [missingIncludeSystem]
#include <stdio.h>
^
tests/test_main.c:2:0: information: Include file: <stdarg.h> not found. Please note: Cppcheck does not need standard library headers to get proper results. [missingIncludeSystem]
#include <stdarg.h>
^
tests/test_main.c:3:0: information: Include file: <time.h> not found. Please note: Cppcheck does not need standard library headers to get proper results. [missingIncludeSystem]
#include <time.h>
^
tests/test_main.c:5:0: information: Include file: "data_structures.h" not found. [missingInclude]
#include "data_structures.h"
^
tests/test_main.c:6:0: information: Include file: "util/logger.h" not found. [missingInclude]
#include "util/logger.h"
^
tests/test_main.c:7:0: information: Include file: "util/test_util.h" not found. [missingInclude]
#include "util/test_util.h"
^
36/42 files checked 92% done
Checking tests/util/config.c ...
tests/util/config.c:1:0: information: Include file: "util/config.h" not found. [missingInclude]
#include "util/config.h"
^
tests/util/config.c:2:0: information: Include file: <stdlib.h> not found. Please note: Cppcheck does not need standard library headers to get proper results. [missingIncludeSystem]
#include <stdlib.h>
^
tests/util/config.c:5:9: style: struct member 'ds_config::dummy' is never used. [unusedStructMember]
    int dummy;  /* 将来の拡張用プレースホルダー */
        ^
37/42 files checked 92% done
Checking tests/util/test_config.c ...
tests/util/test_config.c:8:0: information: Include file: <stddef.h> not found. Please note: Cppcheck does not need standard library headers to get proper results. [missingIncludeSystem]
#include <stddef.h>          /* NULL */
^
tests/util/test_config.c:9:0: information: Include file: "util/config.h" not found. [missingInclude]
#include "util/config.h"     /* 被テスト API */
^
tests/util/test_config.c:10:0: information: Include file: "util/logger.h" not found. [missingInclude]
#include "util/logger.h"     /* ds_log */
^
38/42 files checked 94% done
Checking tests/util/test_logger.c ...
tests/util/test_logger.c:1:0: information: Include file: <stdio.h> not found. Please note: Cppcheck does not need standard library headers to get proper results. [missingIncludeSystem]
#include <stdio.h>
^
tests/util/test_logger.c:7:0: information: Include file: "util/logger.h" not found. [missingInclude]
#include "util/logger.h"
^
tests/util/test_logger.c:8:0: information: Include file: <stdio.h> not found. Please note: Cppcheck does not need standard library headers to get proper results. [missingIncludeSystem]
#include <stdio.h>
^
tests/util/test_logger.c:9:0: information: Include file: <stdarg.h> not found. Please note: Cppcheck does not need standard library headers to get proper results. [missingIncludeSystem]
#include <stdarg.h>
^
39/42 files checked 96% done
Checking tests/util/test_memory.c ...
tests/util/test_memory.c:5:0: information: Include file: "util/test_memory.h" not found. [missingInclude]
#include "util/test_memory.h"
^
tests/util/test_memory.c:6:0: information: Include file: "util/logger.h" not found. [missingInclude]
#include "util/logger.h"
^
tests/util/test_memory.c:7:0: information: Include file: "util/memory.h" not found. [missingInclude]
#include "util/memory.h"
^
40/42 files checked 97% done
Checking tests/util/test_metrics.c ...
tests/util/test_metrics.c:10:0: information: Include file: "util/test_metrics.h" not found. [missingInclude]
#include "util/test_metrics.h"   /* 宣言だけ置いた専用ヘッダ */
^
tests/util/test_metrics.c:11:0: information: Include file: "util/metrics.h" not found. [missingInclude]
#include "util/metrics.h"        /* テスト対象 API          */
^
tests/util/test_metrics.c:12:0: information: Include file: "util/logger.h" not found. [missingInclude]
#include "util/logger.h"
^
tests/util/test_metrics.c:14:0: information: Include file: <stdio.h> not found. Please note: Cppcheck does not need standard library headers to get proper results. [missingIncludeSystem]
#include <stdio.h>
^
41/42 files checked 99% done
Checking tests/util/test_util.c ...
tests/util/test_util.c:7:0: information: Include file: "test_util.h" not found. [missingInclude]
#include "test_util.h"      // tests/include/test_util.h
^
tests/util/test_util.c:8:0: information: Include file: "logger.h" not found. [missingInclude]
#include "logger.h"         // include/util/logger.h（CFLAGSで-Iincludeによりパス解決）
^
tests/util/test_util.c:11:0: information: Include file: <stdio.h> not found. Please note: Cppcheck does not need standard library headers to get proper results. [missingIncludeSystem]
#include <stdio.h>
^
tests/util/test_util.c:12:0: information: Include file: <stdlib.h> not found. Please note: Cppcheck does not need standard library headers to get proper results. [missingIncludeSystem]
#include <stdlib.h>
^
42/42 files checked 100% done
src/ds/doubly_list.c:180:0: style: The function 'ds_doubly_list_get_stats' is never used. [unusedFunction]
ds_error_t ds_doubly_list_get_stats(const ds_doubly_list_t* list, ds_stats_t* stats) {
^
src/ds/history_system.c:87:0: style: The function 'ds_history_system_can_undo' is never used. [unusedFunction]
bool ds_history_system_can_undo(const ds_history_system_t *hist)
^
src/ds/history_system.c:90:0: style: The function 'ds_history_system_can_redo' is never used. [unusedFunction]
bool ds_history_system_can_redo(const ds_history_system_t *hist)
^
src/ds/next_next_practice.c:141:0: style: The function 'queue_dequeue' is never used. [unusedFunction]
static inline ds_error_t queue_dequeue(ds_dlist_t *lst, int32_t *out_v)
^
src/ds/round_robin.c:76:0: style: The function 'ds_round_robin_scheduler_complete_process' is never used. [unusedFunction]
ds_error_t ds_round_robin_scheduler_complete_process(ds_round_robin_scheduler_t *sched,
^
src/memory.c:12:0: style: The function 'ds_set_memory_functions' is never used. [unusedFunction]
void ds_set_memory_functions(ds_malloc_func_t malloc_func, ds_free_func_t free_func) {
^
src/metrics.c:18:0: style: The function 'ds_metrics_init' is never used. [unusedFunction]
ds_error_t ds_metrics_init(ds_metrics_t *metrics) {
^
src/metrics.c:25:0: style: The function 'ds_metrics_increment_ops' is never used. [unusedFunction]
ds_error_t ds_metrics_increment_ops(ds_metrics_t *metrics) {
^
src/metrics.c:31:0: style: The function 'ds_metrics_increment_elements' is never used. [unusedFunction]
ds_error_t ds_metrics_increment_elements(ds_metrics_t *metrics) {
^
src/metrics.c:37:0: style: The function 'ds_metrics_decrement_elements' is never used. [unusedFunction]
ds_error_t ds_metrics_decrement_elements(ds_metrics_t *metrics) {
^
src/metrics.c:44:0: style: The function 'ds_metrics_add_memory' is never used. [unusedFunction]
ds_error_t ds_metrics_add_memory(ds_metrics_t *metrics, size_t bytes) {
^
src/metrics.c:50:0: style: The function 'ds_metrics_sub_memory' is never used. [unusedFunction]
ds_error_t ds_metrics_sub_memory(ds_metrics_t *metrics, size_t bytes) {
^
src/metrics.c:59:0: style: The function 'ds_metrics_print' is never used. [unusedFunction]
void ds_metrics_print(const ds_metrics_t *metrics) {
^
src/queue.c:91:0: style: The function 'ds_queue_get_stats' is never used. [unusedFunction]
ds_error_t ds_queue_get_stats(const ds_queue_t* queue, ds_stats_t* stats) {
^
tests/algo/test_search.c:19:0: style: The function 'ds_test_search_basic' is never used. [unusedFunction]
void ds_test_search_basic(void)
^
tests/algo/test_sort.c:25:0: style: The function 'ds_test_sort_basic' is never used. [unusedFunction]
void ds_test_sort_basic(void)
^
tests/ds/test_circular_list.c:19:0: style: The function 'ds_test_circular_list_basic' is never used. [unusedFunction]
void ds_test_circular_list_basic(void)
^
tests/ds/test_doubly_list.c:22:0: style: The function 'ds_test_doubly_list_basic' is never used. [unusedFunction]
void ds_test_doubly_list_basic(void)
^
tests/ds/test_doubly_list.c:100:0: style: The function 'ds_test_doubly_list_edge_cases' is never used. [unusedFunction]
void ds_test_doubly_list_edge_cases(void)
^
tests/ds/test_doubly_list.c:147:0: style: The function 'ds_test_doubly_list_memory_management' is never used. [unusedFunction]
void ds_test_doubly_list_memory_management(void)
^
tests/ds/test_hashmap.c:24:0: style: The function 'ds_test_hashmap_basic' is never used. [unusedFunction]
void ds_test_hashmap_basic(void)
^
tests/ds/test_history_system.c:20:0: style: The function 'test__history_system_basic' is never used. [unusedFunction]
void test__history_system_basic(void)
^
tests/ds/test_lru_cache.c:19:0: style: The function 'ds_test_lru_cache_basic' is never used. [unusedFunction]
void ds_test_lru_cache_basic(void)
^
tests/ds/test_process.c:22:0: style: The function 'test__process_basic' is never used. [unusedFunction]
void test__process_basic(void)
^
tests/ds/test_process.c:41:0: style: The function 'test__process_edge_cases' is never used. [unusedFunction]
void test__process_edge_cases(void)
^
tests/ds/test_queue.c:21:0: style: The function 'ds_test_queue_basic' is never used. [unusedFunction]
void ds_test_queue_basic(void)
^
tests/ds/test_queue.c:82:0: style: The function 'ds_test_queue_edge_cases' is never used. [unusedFunction]
void ds_test_queue_edge_cases(void)
^
tests/ds/test_round_robin.c:17:0: style: The function 'test__round_robin_basic' is never used. [unusedFunction]
void test__round_robin_basic(void)
^
tests/ds/test_rpn_calculator.c:27:0: style: The function 'ds_test_rpn_calculator_basic' is never used. [unusedFunction]
void ds_test_rpn_calculator_basic(void)
^
tests/ds/test_rpn_calculator.c:83:0: style: The function 'ds_test_rpn_calculator_edge_cases' is never used. [unusedFunction]
void ds_test_rpn_calculator_edge_cases(void)
^
tests/ds/test_stack.c:65:0: style: The function 'ds_test_stack_memory_management' is never used. [unusedFunction]
void ds_test_stack_memory_management(void)
^
tests/ds/test_statistics.c:18:0: style: The function 'test_statistics_basic' is never used. [unusedFunction]
void test_statistics_basic(void)
^
tests/ds/test_statistics.c:35:0: style: The function 'test_statistics_edge_cases' is never used. [unusedFunction]
void test_statistics_edge_cases(void)
^
tests/ds/test_statistics.c:48:0: style: The function 'test_statistics_invalid_input' is never used. [unusedFunction]
void test_statistics_invalid_input(void)
^
tests/ds/test_url_shortener.c:19:0: style: The function 'ds_test_url_shortener_basic' is never used. [unusedFunction]
void ds_test_url_shortener_basic(void)
^
tests/util/test_util.c:16:0: style: The function 'test_command_apply' is never used. [unusedFunction]
ds_error_t test_command_apply(void *ctx)
^
tests/util/test_util.c:24:0: style: The function 'test_command_undo' is never used. [unusedFunction]
ds_error_t test_command_undo(void *ctx)
^
src/ds/history_system.c:122:0: style: The function 'ds_history_system_clear' should have static linkage since it is not used outside of its translation unit. [staticFunction]
ds_history_system_clear(ds_history_system_t *hist)
^
src/metrics.c:114:0: style: The function '__ds_named_metrics_clear' should have static linkage since it is not used outside of its translation unit. [staticFunction]
void __ds_named_metrics_clear(void) {
^
nofile:0:0: information: Active checkers: 116/856 (use --checkers-report=<filename> to see details) [checkersReport]

make: *** [lint] Error 1
