==18== Memcheck, a memory error detector
==18== Copyright (C) 2002-2022, and GNU GPL'd, by Julian Seward et al.
==18== Using Valgrind-3.19.0 and LibVEX; rerun with -h for copyright info
==18== Command: ./stats
==18== 
{
  "sum": 41,
  "min": 1,
  "max": 9,
  "average": 4.56,
  "median": 5.00,
  "mode": 5
}
[INFO]  Statistics test passed.
==18== 
==18== HEAP SUMMARY:
==18==     in use at exit: 0 bytes in 0 blocks
==18==   total heap usage: 2 allocs, 2 frees, 4,132 bytes allocated
==18== 
==18== All heap blocks were freed -- no leaks are possible
==18== 
==18== For lists of detected and suppressed errors, rerun with: -s
==18== ERROR SUMMARY: 0 errors from 0 contexts (suppressed: 0 from 0)
